<?xml version="1.0" encoding="UTF-8"?>
<!-- Generated by org.testng.reporters.JUnitXMLReporter -->
<testsuite ignored="0" hostname="Boudefel" failures="1" tests="1" name="BankingApp Test" time="22.815" errors="0" timestamp="2022-10-03T08:49:10 CET">
  <testcase classname="com.testBanking.testCases.TC_CustomizedStatement_013" name="miniStatementTest" time="8.062">
    <failure type="java.lang.AssertionError" message="expected [true] but found [false]">
      <![CDATA[java.lang.AssertionError: expected [true] but found [false]
at com.testBanking.testCases.TC_CustomizedStatement_013.miniStatementTest(TC_CustomizedStatement_013.java:57)
at java.base/java.util.ArrayList.forEach(ArrayList.java:1511)
... Removed 29 stack frames]]>
    </failure>
  </testcase> <!-- miniStatementTest -->
</testsuite> <!-- BankingApp Test -->
